<?xml version="1.0" encoding="UTF-8"?>
<testsuite xmlns:xsi="http://www.w3.org/2001/XMLSchema-instance" xsi:noNamespaceSchemaLocation="https://maven.apache.org/surefire/maven-surefire-plugin/xsd/surefire-test-report.xsd" version="3.0.2" name="screens.StartEndScreenTest" time="0.007" tests="2" errors="0" skipped="0" failures="0">
  <properties>
[...]
</properties>
  <testcase name="welcomeMessageTest" classname="screens.StartEndScreenTest" time="0.001"/>
  <testcase name="incorrectInputTest" classname="screens.StartEndScreenTest" time="0.002"/>
</testsuite>